ERROR - 2023-09-24 02:07:28 --> Error connecting to the database: mysqli_sql_exception: Unknown database 'productsdb' in C:\laragon\www\products-main\system\Database\MySQLi\Connection.php:185
Stack trace:
#0 C:\laragon\www\products-main\system\Database\MySQLi\Connection.php(185): mysqli->real_connect('localhost', 'root', '', 'productsdb', 3306, '', 0)
#1 C:\laragon\www\products-main\system\Database\BaseConnection.php(391): CodeIgniter\Database\MySQLi\Connection->connect(false)
#2 C:\laragon\www\products-main\system\Database\BaseConnection.php(574): CodeIgniter\Database\BaseConnection->initialize()
#3 C:\laragon\www\products-main\system\Database\BaseBuilder.php(1615): CodeIgniter\Database\BaseConnection->query('SELECT *\nFROM `...', Array, false)
#4 C:\laragon\www\products-main\system\Model.php(237): CodeIgniter\Database\BaseBuilder->get()
#5 C:\laragon\www\products-main\system\BaseModel.php(624): CodeIgniter\Model->doFindAll(0, 0)
#6 C:\laragon\www\products-main\app\Controllers\ProductsController.php(55): CodeIgniter\BaseModel->findAll()
#7 C:\laragon\www\products-main\system\CodeIgniter.php(919): App\Controllers\ProductsController->Bacay()
#8 C:\laragon\www\products-main\system\CodeIgniter.php(494): CodeIgniter\CodeIgniter->runController(Object(App\Controllers\ProductsController))
#9 C:\laragon\www\products-main\system\CodeIgniter.php(353): CodeIgniter\CodeIgniter->handleRequest(NULL, Object(Config\Cache), false)
#10 C:\laragon\www\products-main\public\index.php(79): CodeIgniter\CodeIgniter->run()
#11 C:\laragon\www\products-main\system\Commands\Server\rewrite.php(47): require_once('C:\\laragon\\www\\...')
#12 {main}

Next CodeIgniter\Database\Exceptions\DatabaseException: Unknown database 'productsdb' in C:\laragon\www\products-main\system\Database\MySQLi\Connection.php:229
Stack trace:
#0 C:\laragon\www\products-main\system\Database\BaseConnection.php(391): CodeIgniter\Database\MySQLi\Connection->connect(false)
#1 C:\laragon\www\products-main\system\Database\BaseConnection.php(574): CodeIgniter\Database\BaseConnection->initialize()
#2 C:\laragon\www\products-main\system\Database\BaseBuilder.php(1615): CodeIgniter\Database\BaseConnection->query('SELECT *\nFROM `...', Array, false)
#3 C:\laragon\www\products-main\system\Model.php(237): CodeIgniter\Database\BaseBuilder->get()
#4 C:\laragon\www\products-main\system\BaseModel.php(624): CodeIgniter\Model->doFindAll(0, 0)
#5 C:\laragon\www\products-main\app\Controllers\ProductsController.php(55): CodeIgniter\BaseModel->findAll()
#6 C:\laragon\www\products-main\system\CodeIgniter.php(919): App\Controllers\ProductsController->Bacay()
#7 C:\laragon\www\products-main\system\CodeIgniter.php(494): CodeIgniter\CodeIgniter->runController(Object(App\Controllers\ProductsController))
#8 C:\laragon\www\products-main\system\CodeIgniter.php(353): CodeIgniter\CodeIgniter->handleRequest(NULL, Object(Config\Cache), false)
#9 C:\laragon\www\products-main\public\index.php(79): CodeIgniter\CodeIgniter->run()
#10 C:\laragon\www\products-main\system\Commands\Server\rewrite.php(47): require_once('C:\\laragon\\www\\...')
#11 {main}
CRITICAL - 2023-09-24 02:07:28 --> Unable to connect to the database.
Main connection [MySQLi]: Unknown database 'productsdb'
in SYSTEMPATH\Database\BaseConnection.php on line 427.
 1 SYSTEMPATH\Database\BaseConnection.php(574): CodeIgniter\Database\BaseConnection->initialize()
 2 SYSTEMPATH\Database\BaseBuilder.php(1615): CodeIgniter\Database\BaseConnection->query('SELECT *
FROM `table_products`', [], false)
 3 SYSTEMPATH\Model.php(237): CodeIgniter\Database\BaseBuilder->get()
 4 SYSTEMPATH\BaseModel.php(624): CodeIgniter\Model->doFindAll(0, 0)
 5 APPPATH\Controllers\ProductsController.php(55): CodeIgniter\BaseModel->findAll()
 6 SYSTEMPATH\CodeIgniter.php(919): App\Controllers\ProductsController->Bacay()
 7 SYSTEMPATH\CodeIgniter.php(494): CodeIgniter\CodeIgniter->runController(Object(App\Controllers\ProductsController))
 8 SYSTEMPATH\CodeIgniter.php(353): CodeIgniter\CodeIgniter->handleRequest(null, Object(Config\Cache), false)
 9 FCPATH\index.php(79): CodeIgniter\CodeIgniter->run()
10 SYSTEMPATH\Commands\Server\rewrite.php(47): require_once('C:\\laragon\\www\\products-main\\public\\index.php')
ERROR - 2023-09-24 02:13:58 --> mysqli_sql_exception: Table 'productsdb.table_products' doesn't exist in C:\laragon\www\products-main\system\Database\MySQLi\Connection.php:306
Stack trace:
#0 C:\laragon\www\products-main\system\Database\MySQLi\Connection.php(306): mysqli->query('SELECT *\nFROM `...', 0)
#1 C:\laragon\www\products-main\system\Database\BaseConnection.php(692): CodeIgniter\Database\MySQLi\Connection->execute('SELECT *\nFROM `...')
#2 C:\laragon\www\products-main\system\Database\BaseConnection.php(606): CodeIgniter\Database\BaseConnection->simpleQuery('SELECT *\nFROM `...')
#3 C:\laragon\www\products-main\system\Database\BaseBuilder.php(1615): CodeIgniter\Database\BaseConnection->query('SELECT *\nFROM `...', Array, false)
#4 C:\laragon\www\products-main\system\Model.php(237): CodeIgniter\Database\BaseBuilder->get()
#5 C:\laragon\www\products-main\system\BaseModel.php(624): CodeIgniter\Model->doFindAll(0, 0)
#6 C:\laragon\www\products-main\app\Controllers\ProductsController.php(55): CodeIgniter\BaseModel->findAll()
#7 C:\laragon\www\products-main\system\CodeIgniter.php(919): App\Controllers\ProductsController->Bacay()
#8 C:\laragon\www\products-main\system\CodeIgniter.php(494): CodeIgniter\CodeIgniter->runController(Object(App\Controllers\ProductsController))
#9 C:\laragon\www\products-main\system\CodeIgniter.php(353): CodeIgniter\CodeIgniter->handleRequest(NULL, Object(Config\Cache), false)
#10 C:\laragon\www\products-main\public\index.php(79): CodeIgniter\CodeIgniter->run()
#11 C:\laragon\www\products-main\system\Commands\Server\rewrite.php(47): require_once('C:\\laragon\\www\\...')
#12 {main}
CRITICAL - 2023-09-24 02:13:58 --> Table 'productsdb.table_products' doesn't exist
in SYSTEMPATH\Database\BaseConnection.php on line 646.
 1 SYSTEMPATH\Database\BaseBuilder.php(1615): CodeIgniter\Database\BaseConnection->query('SELECT *
FROM `table_products`', [], false)
 2 SYSTEMPATH\Model.php(237): CodeIgniter\Database\BaseBuilder->get()
 3 SYSTEMPATH\BaseModel.php(624): CodeIgniter\Model->doFindAll(0, 0)
 4 APPPATH\Controllers\ProductsController.php(55): CodeIgniter\BaseModel->findAll()
 5 SYSTEMPATH\CodeIgniter.php(919): App\Controllers\ProductsController->Bacay()
 6 SYSTEMPATH\CodeIgniter.php(494): CodeIgniter\CodeIgniter->runController(Object(App\Controllers\ProductsController))
 7 SYSTEMPATH\CodeIgniter.php(353): CodeIgniter\CodeIgniter->handleRequest(null, Object(Config\Cache), false)
 8 FCPATH\index.php(79): CodeIgniter\CodeIgniter->run()
 9 SYSTEMPATH\Commands\Server\rewrite.php(47): require_once('C:\\laragon\\www\\products-main\\public\\index.php')
